#
# A fatal error has been detected by the Java Runtime Environment:
#
#  EXCEPTION_ACCESS_VIOLATION (0xc0000005) at pc=0x6b3d3aff, pid=1268, tid=0x000013a4
#
# JRE version: Java(TM) SE Runtime Environment (8.0_191-b12) (build 1.8.0_191-b12)
# Java VM: Java HotSpot(TM) Client VM (25.191-b12 mixed mode windows-x86 )
# Problematic frame:
# C  [atigktxx.dll+0x13aff]
#
# Failed to write core dump. Minidumps are not enabled by default on client versions of Windows
#
# If you would like to submit a bug report, please visit:
#   http://bugreport.java.com/bugreport/crash.jsp
# The crash happened outside the Java Virtual Machine in native code.
# See problematic frame for where to report the bug.
#

---------------  T H R E A D  ---------------

Current thread (0x278d4c00):  JavaThread "AWT-EventQueue-0" [_thread_in_native, id=5028, stack(0x28840000,0x28890000)]

siginfo: ExceptionCode=0xc0000005, reading address 0x00000000

Registers:
EAX=0x01001403, EBX=0x2888ca10, ECX=0x00000000, EDX=0x00000100
ESP=0x2888c974, EBP=0x2888c99c, ESI=0x2888c9b4, EDI=0x00000000
EIP=0x6b3d3aff, EFLAGS=0x00010287

Top of Stack: (sp=0x2888c974)
0x2888c974:   2888c9cc 2888c9f4 00000000 6b3d195a
0x2888c984:   00000000 00000080 2888c9f4 00000001
0x2888c994:   2888c9cc 00000000 2888c9cc 6b3d0963
0x2888c9a4:   2888c9b4 2888cde0 2888c9f4 2b03c7e8
0x2888c9b4:   2b06d008 00000000 2888ca10 00000108
0x2888c9c4:   00000001 00000000 2888c9dc 6b3cdea0
0x2888c9d4:   80009e80 01021590 2888cb1c 6b3cc975
0x2888c9e4:   80009e80 2888cde0 2be79c58 2b03c7e8 

Instructions: (pc=0x6b3d3aff)
0x6b3d3adf:   83 d4 00 00 00 8b cf 8b b3 e4 00 00 00 50 89 45
0x6b3d3aef:   e4 e8 d1 01 00 00 89 45 ec 85 c0 75 5f 8b 75 08
0x6b3d3aff:   8b 07 8b cf 56 ff 50 48 85 c0 0f 85 89 01 00 00
0x6b3d3b0f:   8b 4b 54 81 f9 03 05 00 01 0f 85 6c 01 00 00 83 


Register to memory mapping:

EAX=0x01001403 is an unknown value
EBX=0x2888ca10 is pointing into the stack for thread: 0x278d4c00
ECX=0x00000000 is an unknown value
EDX=0x00000100 is an unknown value
ESP=0x2888c974 is pointing into the stack for thread: 0x278d4c00
EBP=0x2888c99c is pointing into the stack for thread: 0x278d4c00
ESI=0x2888c9b4 is pointing into the stack for thread: 0x278d4c00
EDI=0x00000000 is an unknown value


Stack: [0x28840000,0x28890000],  sp=0x2888c974,  free space=306k
Native frames: (J=compiled Java code, j=interpreted, Vv=VM code, C=native code)
C  [atigktxx.dll+0x13aff]
C  [atigktxx.dll+0x10963]
C  [atigktxx.dll+0xdea0]
C  [atigktxx.dll+0xc975]
C  [atigktxx.dll+0xc802]
C  [atigktxx.dll+0x8488]
C  [atioglxx.dll+0x15efbc]
C  [atioglxx.dll+0x142c41]
C  [atioglxx.dll+0xda1b3a]
C  [atioglxx.dll+0xd63a88]
C  [atioglxx.dll+0x22887a]
C  [atioglxx.dll+0xc22abc]
C  [atioglxx.dll+0xc22ce6]
C  [atioglxx.dll+0xc226e8]
C  [atioglxx.dll+0x10b11a]
C  [atioglxx.dll+0x10cad6]
C  [opengl32.dll+0x20634]
C  [opengl32.dll+0x2ca4f]
C  [opengl32.dll+0x2d81a]
C  [GDI32.dll+0xb0b6f]
C  [awt.dll+0xaab54]
j  sun.awt.Win32GraphicsDevice.getMaxConfigsImpl(I)I+0
j  sun.awt.Win32GraphicsDevice.getMaxConfigs(I)I+10
j  sun.awt.Win32GraphicsDevice.getConfigurations()[Ljava/awt/GraphicsConfiguration;+69
j  javax.swing.ToolTipManager.getDrawingGC(Ljava/awt/Point;)Ljava/awt/GraphicsConfiguration;+36
j  javax.swing.ToolTipManager.showTipWindow()V+115
j  javax.swing.ToolTipManager$insideTimerAction.actionPerformed(Ljava/awt/event/ActionEvent;)V+113
J 5282 C1 javax.swing.Timer.fireActionPerformed(Ljava/awt/event/ActionEvent;)V (46 bytes) @ 0x02733a2c [0x02733960+0xcc]
j  javax.swing.Timer$DoPostEvent.run()V+74
J 2495 C1 java.awt.event.InvocationEvent.dispatch()V (69 bytes) @ 0x02669d1c [0x02669c30+0xec]
J 2417 C1 java.awt.EventQueue.dispatchEventImpl(Ljava/awt/AWTEvent;Ljava/lang/Object;)V (149 bytes) @ 0x0264d4cc [0x0264d010+0x4bc]
J 2387 C1 java.awt.EventQueue$3.run()Ljava/lang/Void; (60 bytes) @ 0x02642b5c [0x02642b00+0x5c]
J 2386 C1 java.awt.EventQueue$3.run()Ljava/lang/Object; (5 bytes) @ 0x026428e0 [0x026428c0+0x20]
v  ~StubRoutines::call_stub
V  [jvm.dll+0x15c315]
V  [jvm.dll+0x223ece]
V  [jvm.dll+0x15c3ae]
V  [jvm.dll+0x10c35f]
C  [java.dll+0x102f]
J 2415 C1 java.awt.EventQueue.dispatchEvent(Ljava/awt/AWTEvent;)V (80 bytes) @ 0x0264bf08 [0x0264bd00+0x208]
J 2426 C1 java.awt.EventDispatchThread.pumpOneEventForFilters(I)V (190 bytes) @ 0x02651058 [0x02650c60+0x3f8]
J 5831 C1 java.awt.EventDispatchThread.pumpEventsForFilter(ILjava/awt/Conditional;Ljava/awt/EventFilter;)V (47 bytes) @ 0x026b7ed4 [0x026b7e40+0x94]
j  java.awt.EventDispatchThread.pumpEventsForFilter(Ljava/awt/Conditional;Ljava/awt/EventFilter;)V+4
j  java.awt.WaitDispatchSupport$2.run()V+59
j  java.awt.WaitDispatchSupport$4.run()Ljava/lang/Void;+4
j  java.awt.WaitDispatchSupport$4.run()Ljava/lang/Object;+1
v  ~StubRoutines::call_stub
V  [jvm.dll+0x15c315]
V  [jvm.dll+0x223ece]
V  [jvm.dll+0x15c3ae]
V  [jvm.dll+0x10c35f]
C  [java.dll+0x1015]
j  java.awt.WaitDispatchSupport.enter()Z+325
j  java.awt.Dialog.show()V+233
J 7139 C1 java.awt.Component.setVisible(Z)V (6 bytes) @ 0x0247ab50 [0x0247ab20+0x30]
j  java.awt.Window.setVisible(Z)V+2
j  java.awt.Dialog.setVisible(Z)V+2
j  processing.app.Base.handlePrefs()V+30
j  processing.app.Editor.lambda$buildFileMenu$8(Ljava/awt/event/ActionEvent;)V+4
j  processing.app.Editor$$Lambda$56.actionPerformed(Ljava/awt/event/ActionEvent;)V+5
j  javax.swing.AbstractButton.fireActionPerformed(Ljava/awt/event/ActionEvent;)V+83
j  javax.swing.AbstractButton$Handler.actionPerformed(Ljava/awt/event/ActionEvent;)V+5
j  javax.swing.DefaultButtonModel.fireActionPerformed(Ljava/awt/event/ActionEvent;)V+34
j  javax.swing.DefaultButtonModel.setPressed(Z)V+117
j  javax.swing.AbstractButton.doClick(I)V+64
j  javax.swing.plaf.basic.BasicMenuItemUI.doClick(Ljavax/swing/MenuSelectionManager;)V+53
j  javax.swing.plaf.basic.BasicMenuItemUI$Handler.mouseReleased(Ljava/awt/event/MouseEvent;)V+76
j  java.awt.Component.processMouseEvent(Ljava/awt/event/MouseEvent;)V+64
j  javax.swing.JComponent.processMouseEvent(Ljava/awt/event/MouseEvent;)V+23
J 4868 C1 java.awt.Component.processEvent(Ljava/awt/AWTEvent;)V (220 bytes) @ 0x027af008 [0x027aef00+0x108]
J 4908 C1 java.awt.Container.processEvent(Ljava/awt/AWTEvent;)V (22 bytes) @ 0x0265e458 [0x0265e3e0+0x78]
J 4862 C1 java.awt.Component.dispatchEventImpl(Ljava/awt/AWTEvent;)V (921 bytes) @ 0x025a74a4 [0x025a6480+0x1024]
J 4821 C1 java.awt.Container.dispatchEventImpl(Ljava/awt/AWTEvent;)V (129 bytes) @ 0x027a663c [0x027a65e0+0x5c]
J 3581 C1 java.awt.LightweightDispatcher.retargetMouseEvent(Ljava/awt/Component;ILjava/awt/event/MouseEvent;)V (372 bytes) @ 0x022e2248 [0x022e1bd0+0x678]
J 4866 C1 java.awt.LightweightDispatcher.processMouseEvent(Ljava/awt/event/MouseEvent;)Z (286 bytes) @ 0x027b0ed8 [0x027b0a60+0x478]
J 4891 C1 java.awt.LightweightDispatcher.dispatchEvent(Ljava/awt/AWTEvent;)Z (73 bytes) @ 0x022e159c [0x022e14b0+0xec]
J 4821 C1 java.awt.Container.dispatchEventImpl(Ljava/awt/AWTEvent;)V (129 bytes) @ 0x027a6620 [0x027a65e0+0x40]
J 5094 C1 java.awt.Window.dispatchEventImpl(Ljava/awt/AWTEvent;)V (23 bytes) @ 0x023d3c48 [0x023d3b40+0x108]
J 2417 C1 java.awt.EventQueue.dispatchEventImpl(Ljava/awt/AWTEvent;Ljava/lang/Object;)V (149 bytes) @ 0x0264d45c [0x0264d010+0x44c]
J 2387 C1 java.awt.EventQueue$3.run()Ljava/lang/Void; (60 bytes) @ 0x02642b5c [0x02642b00+0x5c]
J 2386 C1 java.awt.EventQueue$3.run()Ljava/lang/Object; (5 bytes) @ 0x026428e0 [0x026428c0+0x20]
v  ~StubRoutines::call_stub
V  [jvm.dll+0x15c315]
V  [jvm.dll+0x223ece]
V  [jvm.dll+0x15c3ae]
V  [jvm.dll+0x10c35f]
C  [java.dll+0x102f]
J 4874 C1 java.awt.EventQueue$4.run()Ljava/lang/Object; (5 bytes) @ 0x027ae358 [0x027ae290+0xc8]
v  ~StubRoutines::call_stub
V  [jvm.dll+0x15c315]
V  [jvm.dll+0x223ece]
V  [jvm.dll+0x15c3ae]
V  [jvm.dll+0x10c35f]
C  [java.dll+0x102f]
J 2415 C1 java.awt.EventQueue.dispatchEvent(Ljava/awt/AWTEvent;)V (80 bytes) @ 0x0264c05c [0x0264bd00+0x35c]
J 2426 C1 java.awt.EventDispatchThread.pumpOneEventForFilters(I)V (190 bytes) @ 0x02651058 [0x02650c60+0x3f8]
j  java.awt.EventDispatchThread.pumpEventsForFilter(ILjava/awt/Conditional;Ljava/awt/EventFilter;)V+35
j  java.awt.EventDispatchThread.pumpEventsForHierarchy(ILjava/awt/Conditional;Ljava/awt/Component;)V+11
j  java.awt.EventDispatchThread.pumpEvents(ILjava/awt/Conditional;)V+4
j  java.awt.EventDispatchThread.pumpEvents(Ljava/awt/Conditional;)V+3
...<more frames>...

Java frames: (J=compiled Java code, j=interpreted, Vv=VM code)
j  sun.awt.Win32GraphicsDevice.getMaxConfigsImpl(I)I+0
j  sun.awt.Win32GraphicsDevice.getMaxConfigs(I)I+10
j  sun.awt.Win32GraphicsDevice.getConfigurations()[Ljava/awt/GraphicsConfiguration;+69
j  javax.swing.ToolTipManager.getDrawingGC(Ljava/awt/Point;)Ljava/awt/GraphicsConfiguration;+36
j  javax.swing.ToolTipManager.showTipWindow()V+115
j  javax.swing.ToolTipManager$insideTimerAction.actionPerformed(Ljava/awt/event/ActionEvent;)V+113
J 5282 C1 javax.swing.Timer.fireActionPerformed(Ljava/awt/event/ActionEvent;)V (46 bytes) @ 0x02733a2c [0x02733960+0xcc]
j  javax.swing.Timer$DoPostEvent.run()V+74
J 2495 C1 java.awt.event.InvocationEvent.dispatch()V (69 bytes) @ 0x02669d1c [0x02669c30+0xec]
J 2417 C1 java.awt.EventQueue.dispatchEventImpl(Ljava/awt/AWTEvent;Ljava/lang/Object;)V (149 bytes) @ 0x0264d4cc [0x0264d010+0x4bc]
J 2387 C1 java.awt.EventQueue$3.run()Ljava/lang/Void; (60 bytes) @ 0x02642b5c [0x02642b00+0x5c]
J 2386 C1 java.awt.EventQueue$3.run()Ljava/lang/Object; (5 bytes) @ 0x026428e0 [0x026428c0+0x20]
v  ~StubRoutines::call_stub
J 1944  java.security.AccessController.doPrivileged(Ljava/security/PrivilegedAction;Ljava/security/AccessControlContext;)Ljava/lang/Object; (0 bytes) @ 0x02579187 [0x02579120+0x67]
J 2415 C1 java.awt.EventQueue.dispatchEvent(Ljava/awt/AWTEvent;)V (80 bytes) @ 0x0264bf08 [0x0264bd00+0x208]
J 2426 C1 java.awt.EventDispatchThread.pumpOneEventForFilters(I)V (190 bytes) @ 0x02651058 [0x02650c60+0x3f8]
J 5831 C1 java.awt.EventDispatchThread.pumpEventsForFilter(ILjava/awt/Conditional;Ljava/awt/EventFilter;)V (47 bytes) @ 0x026b7ed4 [0x026b7e40+0x94]
j  java.awt.EventDispatchThread.pumpEventsForFilter(Ljava/awt/Conditional;Ljava/awt/EventFilter;)V+4
j  java.awt.WaitDispatchSupport$2.run()V+59
j  java.awt.WaitDispatchSupport$4.run()Ljava/lang/Void;+4
j  java.awt.WaitDispatchSupport$4.run()Ljava/lang/Object;+1
v  ~StubRoutines::call_stub
J 1525  java.security.AccessController.doPrivileged(Ljava/security/PrivilegedAction;)Ljava/lang/Object; (0 bytes) @ 0x024c0cb0 [0x024c0c60+0x50]
j  java.awt.WaitDispatchSupport.enter()Z+325
j  java.awt.Dialog.show()V+233
J 7139 C1 java.awt.Component.setVisible(Z)V (6 bytes) @ 0x0247ab50 [0x0247ab20+0x30]
j  java.awt.Window.setVisible(Z)V+2
j  java.awt.Dialog.setVisible(Z)V+2
j  processing.app.Base.handlePrefs()V+30
j  processing.app.Editor.lambda$buildFileMenu$8(Ljava/awt/event/ActionEvent;)V+4
j  processing.app.Editor$$Lambda$56.actionPerformed(Ljava/awt/event/ActionEvent;)V+5
j  javax.swing.AbstractButton.fireActionPerformed(Ljava/awt/event/ActionEvent;)V+83
j  javax.swing.AbstractButton$Handler.actionPerformed(Ljava/awt/event/ActionEvent;)V+5
j  javax.swing.DefaultButtonModel.fireActionPerformed(Ljava/awt/event/ActionEvent;)V+34
j  javax.swing.DefaultButtonModel.setPressed(Z)V+117
j  javax.swing.AbstractButton.doClick(I)V+64
j  javax.swing.plaf.basic.BasicMenuItemUI.doClick(Ljavax/swing/MenuSelectionManager;)V+53
j  javax.swing.plaf.basic.BasicMenuItemUI$Handler.mouseReleased(Ljava/awt/event/MouseEvent;)V+76
j  java.awt.Component.processMouseEvent(Ljava/awt/event/MouseEvent;)V+64
j  javax.swing.JComponent.processMouseEvent(Ljava/awt/event/MouseEvent;)V+23
J 4868 C1 java.awt.Component.processEvent(Ljava/awt/AWTEvent;)V (220 bytes) @ 0x027af008 [0x027aef00+0x108]
J 4908 C1 java.awt.Container.processEvent(Ljava/awt/AWTEvent;)V (22 bytes) @ 0x0265e458 [0x0265e3e0+0x78]
J 4862 C1 java.awt.Component.dispatchEventImpl(Ljava/awt/AWTEvent;)V (921 bytes) @ 0x025a74a4 [0x025a6480+0x1024]
J 4821 C1 java.awt.Container.dispatchEventImpl(Ljava/awt/AWTEvent;)V (129 bytes) @ 0x027a663c [0x027a65e0+0x5c]
J 3581 C1 java.awt.LightweightDispatcher.retargetMouseEvent(Ljava/awt/Component;ILjava/awt/event/MouseEvent;)V (372 bytes) @ 0x022e2248 [0x022e1bd0+0x678]
J 4866 C1 java.awt.LightweightDispatcher.processMouseEvent(Ljava/awt/event/MouseEvent;)Z (286 bytes) @ 0x027b0ed8 [0x027b0a60+0x478]
J 4891 C1 java.awt.LightweightDispatcher.dispatchEvent(Ljava/awt/AWTEvent;)Z (73 bytes) @ 0x022e159c [0x022e14b0+0xec]
J 4821 C1 java.awt.Container.dispatchEventImpl(Ljava/awt/AWTEvent;)V (129 bytes) @ 0x027a6620 [0x027a65e0+0x40]
J 5094 C1 java.awt.Window.dispatchEventImpl(Ljava/awt/AWTEvent;)V (23 bytes) @ 0x023d3c48 [0x023d3b40+0x108]
J 2417 C1 java.awt.EventQueue.dispatchEventImpl(Ljava/awt/AWTEvent;Ljava/lang/Object;)V (149 bytes) @ 0x0264d45c [0x0264d010+0x44c]
J 2387 C1 java.awt.EventQueue$3.run()Ljava/lang/Void; (60 bytes) @ 0x02642b5c [0x02642b00+0x5c]
J 2386 C1 java.awt.EventQueue$3.run()Ljava/lang/Object; (5 bytes) @ 0x026428e0 [0x026428c0+0x20]
v  ~StubRoutines::call_stub
J 1944  java.security.AccessController.doPrivileged(Ljava/security/PrivilegedAction;Ljava/security/AccessControlContext;)Ljava/lang/Object; (0 bytes) @ 0x02579187 [0x02579120+0x67]
J 4874 C1 java.awt.EventQueue$4.run()Ljava/lang/Object; (5 bytes) @ 0x027ae358 [0x027ae290+0xc8]
v  ~StubRoutines::call_stub
J 1944  java.security.AccessController.doPrivileged(Ljava/security/PrivilegedAction;Ljava/security/AccessControlContext;)Ljava/lang/Object; (0 bytes) @ 0x02579187 [0x02579120+0x67]
J 2415 C1 java.awt.EventQueue.dispatchEvent(Ljava/awt/AWTEvent;)V (80 bytes) @ 0x0264c05c [0x0264bd00+0x35c]
J 2426 C1 java.awt.EventDispatchThread.pumpOneEventForFilters(I)V (190 bytes) @ 0x02651058 [0x02650c60+0x3f8]
j  java.awt.EventDispatchThread.pumpEventsForFilter(ILjava/awt/Conditional;Ljava/awt/EventFilter;)V+35
j  java.awt.EventDispatchThread.pumpEventsForHierarchy(ILjava/awt/Conditional;Ljava/awt/Component;)V+11
j  java.awt.EventDispatchThread.pumpEvents(ILjava/awt/Conditional;)V+4
j  java.awt.EventDispatchThread.pumpEvents(Ljava/awt/Conditional;)V+3
j  java.awt.EventDispatchThread.run()V+9
v  ~StubRoutines::call_stub

---------------  P R O C E S S  ---------------

Java Threads: ( => current thread )
  0x28d36400 JavaThread "Image Fetcher 0" daemon [_thread_blocked, id=6268, stack(0x26370000,0x263c0000)]
  0x28d33c00 JavaThread "DestroyJavaVM" [_thread_blocked, id=3156, stack(0x01f20000,0x01f70000)]
  0x278d5400 JavaThread "TimerQueue" daemon [_thread_blocked, id=6796, stack(0x2a3a0000,0x2a3f0000)]
  0x278d6800 JavaThread "Batik CleanerThread" daemon [_thread_blocked, id=7312, stack(0x28a20000,0x28a70000)]
=>0x278d4c00 JavaThread "AWT-EventQueue-0" [_thread_in_native, id=5028, stack(0x28840000,0x28890000)]
  0x278d3000 JavaThread "AWT-Shutdown" [_thread_blocked, id=7160, stack(0x283e0000,0x28430000)]
  0x278a6800 JavaThread "JmDNS(192-168-1-117.local.).State.Timer" [_thread_blocked, id=8104, stack(0x28620000,0x28670000)]
  0x278a6400 JavaThread "JmDNS(192-168-1-117.local.).Timer" daemon [_thread_blocked, id=7068, stack(0x28590000,0x285e0000)]
  0x2788ac00 JavaThread "SocketListener(192-168-1-117.local.)" daemon [_thread_in_native, id=7596, stack(0x28500000,0x28550000)]
  0x25397800 JavaThread "Multihomed mDNS.Timer" daemon [_thread_blocked, id=4452, stack(0x25e40000,0x25e90000)]
  0x276b5c00 JavaThread "cc.arduino.packages.discoverers.serial.SerialDiscovery" [_thread_blocked, id=7108, stack(0x28470000,0x284c0000)]
  0x2567a000 JavaThread "AWT-Windows" daemon [_thread_in_native, id=7908, stack(0x25ed0000,0x25f20000)]
  0x25653800 JavaThread "Java2D Disposer" daemon [_thread_blocked, id=5132, stack(0x25db0000,0x25e00000)]
  0x24d5d000 JavaThread "Service Thread" daemon [_thread_blocked, id=7036, stack(0x252b0000,0x25300000)]
  0x24d3c400 JavaThread "C1 CompilerThread0" daemon [_thread_blocked, id=7772, stack(0x25220000,0x25270000)]
  0x24d3ac00 JavaThread "Attach Listener" daemon [_thread_blocked, id=992, stack(0x25190000,0x251e0000)]
  0x24d38c00 JavaThread "Signal Dispatcher" daemon [_thread_blocked, id=5960, stack(0x25100000,0x25150000)]
  0x24d1b800 JavaThread "Finalizer" daemon [_thread_blocked, id=3176, stack(0x24f90000,0x24fe0000)]
  0x24d15800 JavaThread "Reference Handler" daemon [_thread_blocked, id=2088, stack(0x24f00000,0x24f50000)]

Other Threads:
  0x01f1ec00 VMThread [stack: 0x04350000,0x043a0000] [id=4496]
  0x24d37400 WatcherThread [stack: 0x25340000,0x25390000] [id=8120]

VM state:not at safepoint (normal execution)

VM Mutex/Monitor currently owned by a thread: None

Heap:
 def new generation   total 39424K, used 11446K [0x04400000, 0x06ec0000, 0x0eea0000)
  eden space 35072K,  23% used [0x04400000, 0x04c27ae0, 0x06640000)
  from space 4352K,  71% used [0x06640000, 0x06945df0, 0x06a80000)
  to   space 4352K,   0% used [0x06a80000, 0x06a80000, 0x06ec0000)
 tenured generation   total 87424K, used 46811K [0x0eea0000, 0x14400000, 0x24400000)
   the space 87424K,  53% used [0x0eea0000, 0x11c56d68, 0x11c56e00, 0x14400000)
 Metaspace       used 26783K, capacity 27669K, committed 27776K, reserved 28032K

Card table byte_map: [0x24400000,0x24510000] byte_map_base: 0x243de000

Polling page: 0x01e00000

CodeCache: size=32768Kb used=5565Kb max_used=5761Kb free=27202Kb
 bounds [0x02210000, 0x027b8000, 0x04210000]
 total_blobs=3396 nmethods=3094 adapters=229
 compilation: enabled

Compilation events (10 events):
Event: 2573.059 Thread 0x24d3c400 7806             java.awt.Container::getChildAt (54 bytes)
Event: 2573.060 Thread 0x24d3c400 nmethod 7806 0x025e6c08 code [0x025e6d20, 0x025e6e78]
Event: 2573.185 Thread 0x24d3c400 7807             java.util.concurrent.locks.ReentrantLock::unlock (10 bytes)
Event: 2573.185 Thread 0x24d3c400 nmethod 7807 0x023b2848 code [0x023b2960, 0x023b2a58]
Event: 2573.209 Thread 0x24d3c400 7808             java.util.IdentityHashMap::isEmpty (13 bytes)
Event: 2573.209 Thread 0x24d3c400 nmethod 7808 0x02315888 code [0x02315980, 0x02315a10]
Event: 2573.287 Thread 0x24d3c400 7809   !         sun.awt.GlobalCursorManager$NativeUpdater::postIfNotPending (48 bytes)
Event: 2573.287 Thread 0x24d3c400 nmethod 7809 0x0232fec8 code [0x02330000, 0x02330424]
Event: 2573.288 Thread 0x24d3c400 7810             java.util.HashSet::remove (20 bytes)
Event: 2573.288 Thread 0x24d3c400 nmethod 7810 0x022c7648 code [0x022c7750, 0x022c77fc]

GC Heap History (10 events):
Event: 2535.284 GC heap before
{Heap before GC invocations=45 (full 3):
 def new generation   total 39424K, used 36337K [0x04400000, 0x06ec0000, 0x0eea0000)
  eden space 35072K, 100% used [0x04400000, 0x06640000, 0x06640000)
  from space 4352K,  29% used [0x06a80000, 0x06bbc7b0, 0x06ec0000)
  to   space 4352K,   0% used [0x06640000, 0x06640000, 0x06a80000)
 tenured generation   total 87424K, used 74266K [0x0eea0000, 0x14400000, 0x24400000)
   the space 87424K,  84% used [0x0eea0000, 0x13726b30, 0x13726c00, 0x14400000)
 Metaspace       used 25995K, capacity 26794K, committed 26880K, reserved 27008K
Event: 2535.287 GC heap after
Heap after GC invocations=46 (full 3):
 def new generation   total 39424K, used 571K [0x04400000, 0x06ec0000, 0x0eea0000)
  eden space 35072K,   0% used [0x04400000, 0x04400000, 0x06640000)
  from space 4352K,  13% used [0x06640000, 0x066cec98, 0x06a80000)
  to   space 4352K,   0% used [0x06a80000, 0x06a80000, 0x06ec0000)
 tenured generation   total 87424K, used 74266K [0x0eea0000, 0x14400000, 0x24400000)
   the space 87424K,  84% used [0x0eea0000, 0x13726b30, 0x13726c00, 0x14400000)
 Metaspace       used 25995K, capacity 26794K, committed 26880K, reserved 27008K
}
Event: 2541.071 GC heap before
{Heap before GC invocations=46 (full 3):
 def new generation   total 39424K, used 35643K [0x04400000, 0x06ec0000, 0x0eea0000)
  eden space 35072K, 100% used [0x04400000, 0x06640000, 0x06640000)
  from space 4352K,  13% used [0x06640000, 0x066cec98, 0x06a80000)
  to   space 4352K,   0% used [0x06a80000, 0x06a80000, 0x06ec0000)
 tenured generation   total 87424K, used 74266K [0x0eea0000, 0x14400000, 0x24400000)
   the space 87424K,  84% used [0x0eea0000, 0x13726b30, 0x13726c00, 0x14400000)
 Metaspace       used 25995K, capacity 26794K, committed 26880K, reserved 27008K
Event: 2541.074 GC heap after
Heap after GC invocations=47 (full 3):
 def new generation   total 39424K, used 417K [0x04400000, 0x06ec0000, 0x0eea0000)
  eden space 35072K,   0% used [0x04400000, 0x04400000, 0x06640000)
  from space 4352K,   9% used [0x06a80000, 0x06ae86b0, 0x06ec0000)
  to   space 4352K,   0% used [0x06640000, 0x06640000, 0x06a80000)
 tenured generation   total 87424K, used 74266K [0x0eea0000, 0x14400000, 0x24400000)
   the space 87424K,  84% used [0x0eea0000, 0x13726b30, 0x13726c00, 0x14400000)
 Metaspace       used 25995K, capacity 26794K, committed 26880K, reserved 27008K
}
Event: 2548.732 GC heap before
{Heap before GC invocations=47 (full 3):
 def new generation   total 39424K, used 35489K [0x04400000, 0x06ec0000, 0x0eea0000)
  eden space 35072K, 100% used [0x04400000, 0x06640000, 0x06640000)
  from space 4352K,   9% used [0x06a80000, 0x06ae86b0, 0x06ec0000)
  to   space 4352K,   0% used [0x06640000, 0x06640000, 0x06a80000)
 tenured generation   total 87424K, used 74266K [0x0eea0000, 0x14400000, 0x24400000)
   the space 87424K,  84% used [0x0eea0000, 0x13726b30, 0x13726c00, 0x14400000)
 Metaspace       used 26032K, capacity 26854K, committed 26880K, reserved 27008K
Event: 2548.735 GC heap after
Heap after GC invocations=48 (full 3):
 def new generation   total 39424K, used 447K [0x04400000, 0x06ec0000, 0x0eea0000)
  eden space 35072K,   0% used [0x04400000, 0x04400000, 0x06640000)
  from space 4352K,  10% used [0x06640000, 0x066aff28, 0x06a80000)
  to   space 4352K,   0% used [0x06a80000, 0x06a80000, 0x06ec0000)
 tenured generation   total 87424K, used 74266K [0x0eea0000, 0x14400000, 0x24400000)
   the space 87424K,  84% used [0x0eea0000, 0x13726b30, 0x13726c00, 0x14400000)
 Metaspace       used 26032K, capacity 26854K, committed 26880K, reserved 27008K
}
Event: 2548.875 GC heap before
{Heap before GC invocations=48 (full 3):
 def new generation   total 39424K, used 35519K [0x04400000, 0x06ec0000, 0x0eea0000)
  eden space 35072K, 100% used [0x04400000, 0x06640000, 0x06640000)
  from space 4352K,  10% used [0x06640000, 0x066aff28, 0x06a80000)
  to   space 4352K,   0% used [0x06a80000, 0x06a80000, 0x06ec0000)
 tenured generation   total 87424K, used 74266K [0x0eea0000, 0x14400000, 0x24400000)
   the space 87424K,  84% used [0x0eea0000, 0x13726b30, 0x13726c00, 0x14400000)
 Metaspace       used 26160K, capacity 27059K, committed 27136K, reserved 28032K
Event: 2548.984 GC heap after
Heap after GC invocations=49 (full 4):
 def new generation   total 39424K, used 0K [0x04400000, 0x06ec0000, 0x0eea0000)
  eden space 35072K,   0% used [0x04400000, 0x04400000, 0x06640000)
  from space 4352K,   0% used [0x06a80000, 0x06a80000, 0x06ec0000)
  to   space 4352K,   0% used [0x06640000, 0x06640000, 0x06a80000)
 tenured generation   total 87424K, used 46811K [0x0eea0000, 0x14400000, 0x24400000)
   the space 87424K,  53% used [0x0eea0000, 0x11c56d68, 0x11c56e00, 0x14400000)
 Metaspace       used 26156K, capacity 27054K, committed 27136K, reserved 28032K
}
Event: 2567.357 GC heap before
{Heap before GC invocations=49 (full 4):
 def new generation   total 39424K, used 35072K [0x04400000, 0x06ec0000, 0x0eea0000)
  eden space 35072K, 100% used [0x04400000, 0x06640000, 0x06640000)
  from space 4352K,   0% used [0x06a80000, 0x06a80000, 0x06ec0000)
  to   space 4352K,   0% used [0x06640000, 0x06640000, 0x06a80000)
 tenured generation   total 87424K, used 46811K [0x0eea0000, 0x14400000, 0x24400000)
   the space 87424K,  53% used [0x0eea0000, 0x11c56d68, 0x11c56e00, 0x14400000)
 Metaspace       used 26156K, capacity 27054K, committed 27136K, reserved 28032K
Event: 2567.362 GC heap after
Heap after GC invocations=50 (full 4):
 def new generation   total 39424K, used 3095K [0x04400000, 0x06ec0000, 0x0eea0000)
  eden space 35072K,   0% used [0x04400000, 0x04400000, 0x06640000)
  from space 4352K,  71% used [0x06640000, 0x06945df0, 0x06a80000)
  to   space 4352K,   0% used [0x06a80000, 0x06a80000, 0x06ec0000)
 tenured generation   total 87424K, used 46811K [0x0eea0000, 0x14400000, 0x24400000)
   the space 87424K,  53% used [0x0eea0000, 0x11c56d68, 0x11c56e00, 0x14400000)
 Metaspace       used 26156K, capacity 27054K, committed 27136K, reserved 28032K
}

Deoptimization events (0 events):
No events

Classes redefined (0 events):
No events

Internal exceptions (10 events):
Event: 2549.323 Thread 0x278d4c00 Exception <a 'sun/nio/fs/WindowsException'> (0x0567b6c0) thrown at [C:\workspace\8-2-build-windows-i586-cygwin\jdk8u191\11896\hotspot\src\share\vm\prims\jni.cpp, line 709]
Event: 2549.323 Thread 0x278d4c00 Exception <a 'sun/nio/fs/WindowsException'> (0x0567be08) thrown at [C:\workspace\8-2-build-windows-i586-cygwin\jdk8u191\11896\hotspot\src\share\vm\prims\jni.cpp, line 709]
Event: 2549.324 Thread 0x278d4c00 Exception <a 'sun/nio/fs/WindowsException'> (0x0568e8b0) thrown at [C:\workspace\8-2-build-windows-i586-cygwin\jdk8u191\11896\hotspot\src\share\vm\prims\jni.cpp, line 709]
Event: 2549.324 Thread 0x278d4c00 Exception <a 'sun/nio/fs/WindowsException'> (0x0568efd0) thrown at [C:\workspace\8-2-build-windows-i586-cygwin\jdk8u191\11896\hotspot\src\share\vm\prims\jni.cpp, line 709]
Event: 2549.325 Thread 0x278d4c00 Exception <a 'sun/nio/fs/WindowsException'> (0x056a7018) thrown at [C:\workspace\8-2-build-windows-i586-cygwin\jdk8u191\11896\hotspot\src\share\vm\prims\jni.cpp, line 709]
Event: 2549.325 Thread 0x278d4c00 Exception <a 'sun/nio/fs/WindowsException'> (0x056a7750) thrown at [C:\workspace\8-2-build-windows-i586-cygwin\jdk8u191\11896\hotspot\src\share\vm\prims\jni.cpp, line 709]
Event: 2549.326 Thread 0x278d4c00 Exception <a 'sun/nio/fs/WindowsException'> (0x056bb368) thrown at [C:\workspace\8-2-build-windows-i586-cygwin\jdk8u191\11896\hotspot\src\share\vm\prims\jni.cpp, line 709]
Event: 2549.326 Thread 0x278d4c00 Exception <a 'sun/nio/fs/WindowsException'> (0x056bbaf0) thrown at [C:\workspace\8-2-build-windows-i586-cygwin\jdk8u191\11896\hotspot\src\share\vm\prims\jni.cpp, line 709]
Event: 2549.327 Thread 0x278d4c00 Exception <a 'sun/nio/fs/WindowsException'> (0x056c9740) thrown at [C:\workspace\8-2-build-windows-i586-cygwin\jdk8u191\11896\hotspot\src\share\vm\prims\jni.cpp, line 709]
Event: 2549.327 Thread 0x278d4c00 Exception <a 'sun/nio/fs/WindowsException'> (0x056c9f00) thrown at [C:\workspace\8-2-build-windows-i586-cygwin\jdk8u191\11896\hotspot\src\share\vm\prims\jni.cpp, line 709]

Events (10 events):
Event: 2573.060 Thread 0x24d3c400 flushing nmethod 0x02315848
Event: 2573.060 Thread 0x24d3c400 flushing nmethod 0x02315e48
Event: 2573.060 Thread 0x24d3c400 flushing nmethod 0x023161c8
Event: 2573.060 Thread 0x24d3c400 flushing nmethod 0x0232fb48
Event: 2573.060 Thread 0x24d3c400 flushing nmethod 0x023b2608
Event: 2573.185 Thread 0x24d3c400 flushing nmethod 0x02455f88
Event: 2573.185 Thread 0x24d3c400 flushing nmethod 0x02478408
Event: 2573.185 Thread 0x24d3c400 flushing nmethod 0x0247fe08
Event: 2573.185 Thread 0x24d3c400 flushing nmethod 0x024855c8
Event: 2573.186 Thread 0x24d3c400 flushing nmethod 0x024f2e88


Dynamic libraries:
0x000e0000 - 0x00113000 	C:\Program Files (x86)\Arduino\java\bin\javaw.exe
0x775b0000 - 0x7771f000 	C:\windows\SYSTEM32\ntdll.dll
0x75480000 - 0x755c0000 	C:\windows\SYSTEM32\KERNEL32.DLL
0x76ad0000 - 0x76ba7000 	C:\windows\SYSTEM32\KERNELBASE.dll
0x6cd80000 - 0x6ce20000 	C:\windows\system32\apphelp.dll
0x6b130000 - 0x6b392000 	C:\windows\AppPatch\AcGenral.DLL
0x76df0000 - 0x76eb3000 	C:\windows\SYSTEM32\msvcrt.dll
0x74da0000 - 0x74de1000 	C:\windows\SYSTEM32\sechost.dll
0x74fd0000 - 0x74fee000 	C:\windows\SYSTEM32\SspiCli.dll
0x74f80000 - 0x74fc5000 	C:\windows\SYSTEM32\SHLWAPI.dll
0x6d040000 - 0x6d12d000 	C:\windows\SYSTEM32\UxTheme.dll
0x77340000 - 0x77493000 	C:\windows\SYSTEM32\USER32.dll
0x75240000 - 0x7534c000 	C:\windows\SYSTEM32\GDI32.dll
0x74810000 - 0x74833000 	C:\windows\SYSTEM32\WINMM.dll
0x6b940000 - 0x6b953000 	C:\windows\SYSTEM32\samcli.dll
0x75350000 - 0x75479000 	C:\windows\SYSTEM32\ole32.dll
0x74ff0000 - 0x75087000 	C:\windows\SYSTEM32\OLEAUT32.dll
0x6b110000 - 0x6b127000 	C:\windows\SYSTEM32\MSACM32.dll
0x74be0000 - 0x74be8000 	C:\windows\SYSTEM32\VERSION.dll
0x75600000 - 0x768bb000 	C:\windows\SYSTEM32\SHELL32.dll
0x74c60000 - 0x74c7b000 	C:\windows\SYSTEM32\USERENV.dll
0x6e1c0000 - 0x6e1da000 	C:\windows\SYSTEM32\dwmapi.dll
0x6b4d0000 - 0x6b620000 	C:\windows\SYSTEM32\urlmon.dll
0x76bb0000 - 0x76c2c000 	C:\windows\SYSTEM32\ADVAPI32.dll
0x74310000 - 0x74375000 	C:\windows\SYSTEM32\WINSPOOL.DRV
0x74bf0000 - 0x74c06000 	C:\windows\SYSTEM32\MPR.dll
0x76ec0000 - 0x76f7a000 	C:\windows\SYSTEM32\RPCRT4.dll
0x74d90000 - 0x74d9a000 	C:\windows\SYSTEM32\CRYPTBASE.dll
0x74df0000 - 0x74f6d000 	C:\windows\SYSTEM32\combase.dll
0x747e0000 - 0x74803000 	C:\windows\SYSTEM32\WINMMBASE.dll
0x74c50000 - 0x74c5f000 	C:\windows\SYSTEM32\profapi.dll
0x6bdc0000 - 0x6bff6000 	C:\windows\SYSTEM32\iertutil.dll
0x6c000000 - 0x6c437000 	C:\windows\SYSTEM32\WININET.dll
0x74d30000 - 0x74d84000 	C:\windows\SYSTEM32\bcryptPrimitives.dll
0x774a0000 - 0x774dc000 	C:\windows\SYSTEM32\cfgmgr32.dll
0x747b0000 - 0x747d1000 	C:\windows\SYSTEM32\DEVOBJ.dll
0x74840000 - 0x748cb000 	C:\windows\SYSTEM32\SHCORE.DLL
0x755c0000 - 0x755e7000 	C:\windows\system32\IMM32.DLL
0x76970000 - 0x76a82000 	C:\windows\SYSTEM32\MSCTF.dll
0x745a0000 - 0x747a6000 	C:\windows\WinSxS\x86_microsoft.windows.common-controls_6595b64144ccf1df_6.0.9600.18006_none_a9ec6aab013aafee\COMCTL32.dll
0x6e1b0000 - 0x6e1b9000 	C:\Program Files (x86)\Common Files\Crypto Pro\AppCompat\cpwinet.dll
0x74c20000 - 0x74c26000 	C:\Program Files (x86)\Common Files\Crypto Pro\AppCompat\detoured.dll
0x6b050000 - 0x6b10f000 	C:\Program Files (x86)\Arduino\java\bin\msvcr100.dll
0x6ac70000 - 0x6b043000 	C:\Program Files (x86)\Arduino\java\bin\client\jvm.dll
0x72220000 - 0x72228000 	C:\windows\SYSTEM32\WSOCK32.dll
0x77320000 - 0x77326000 	C:\windows\SYSTEM32\PSAPI.DLL
0x750a0000 - 0x750ef000 	C:\windows\SYSTEM32\WS2_32.dll
0x77330000 - 0x77337000 	C:\windows\SYSTEM32\NSI.dll
0x6ac40000 - 0x6ac70000 	C:\Program Files (x86)\Arduino\java\bin\splashscreen.dll
0x6cf90000 - 0x6cf9c000 	C:\Program Files (x86)\Arduino\java\bin\verify.dll
0x6ac10000 - 0x6ac32000 	C:\Program Files (x86)\Arduino\java\bin\java.dll
0x6abf0000 - 0x6ac04000 	C:\Program Files (x86)\Arduino\java\bin\zip.dll
0x74c10000 - 0x74c19000 	C:\windows\SYSTEM32\kernel.appcore.dll
0x61940000 - 0x619b3000 	C:\Program Files (x86)\Arduino\lib\listSerialsj.dll
0x76c30000 - 0x76de1000 	C:\windows\SYSTEM32\SETUPAPI.dll
0x6abd0000 - 0x6abed000 	C:\Program Files (x86)\Arduino\lib\jnidispatch-4.2.2-win32-x86.dll
0x6abb0000 - 0x6abc5000 	C:\Program Files (x86)\Arduino\java\bin\net.dll
0x74190000 - 0x741db000 	C:\windows\system32\mswsock.dll
0x6aba0000 - 0x6abaf000 	C:\Program Files (x86)\Arduino\java\bin\nio.dll
0x6aa50000 - 0x6ab97000 	C:\Program Files (x86)\Arduino\java\bin\awt.dll
0x6aa10000 - 0x6aa49000 	C:\Program Files (x86)\Arduino\java\bin\fontmanager.dll
0x6a930000 - 0x6aa0e000 	C:\windows\system32\opengl32.dll
0x6a900000 - 0x6a925000 	C:\windows\SYSTEM32\GLU32.dll
0x6a810000 - 0x6a8fc000 	C:\windows\SYSTEM32\DDRAW.dll
0x6a800000 - 0x6a807000 	C:\windows\SYSTEM32\DCIMAN32.dll
0x6a7c0000 - 0x6a7f2000 	C:\Program Files (x86)\Arduino\java\bin\t2k.dll
0x6a7b0000 - 0x6a7ba000 	C:\Program Files (x86)\Arduino\java\bin\management.dll
0x73830000 - 0x73841000 	C:\windows\system32\napinsp.dll
0x737e0000 - 0x737f6000 	C:\windows\system32\pnrpnsp.dll
0x737a0000 - 0x737b4000 	C:\windows\system32\NLAapi.dll
0x73720000 - 0x7379e000 	C:\windows\SYSTEM32\DNSAPI.dll
0x73710000 - 0x7371a000 	C:\windows\System32\winrnr.dll
0x736e0000 - 0x73701000 	C:\Program Files (x86)\Bonjour\mdnsNSP.dll
0x74230000 - 0x74250000 	C:\windows\SYSTEM32\Iphlpapi.DLL
0x74220000 - 0x74228000 	C:\windows\SYSTEM32\WINNSI.DLL
0x722f0000 - 0x72336000 	C:\windows\System32\fwpuclnt.dll
0x722e0000 - 0x722e8000 	C:\Windows\System32\rasadhlp.dll
0x74110000 - 0x74123000 	C:\windows\SYSTEM32\dhcpcsvc6.DLL
0x740f0000 - 0x74104000 	C:\windows\SYSTEM32\dhcpcsvc.DLL
0x73960000 - 0x73979000 	C:\windows\SYSTEM32\CRYPTSP.dll
0x73950000 - 0x7395d000 	C:\Program Files (x86)\Common Files\Crypto Pro\AppCompat\cpadvai.dll
0x77020000 - 0x771a8000 	C:\windows\SYSTEM32\CRYPT32.dll
0x755f0000 - 0x755fe000 	C:\windows\SYSTEM32\MSASN1.dll
0x74c30000 - 0x74c47000 	C:\Program Files (x86)\Common Files\Crypto Pro\AppCompat\cpcrypt.dll
0x73800000 - 0x73830000 	C:\windows\system32\rsaenh.dll
0x737c0000 - 0x737de000 	C:\windows\SYSTEM32\bcrypt.dll
0x76a90000 - 0x76acd000 	C:\windows\SYSTEM32\WINTRUST.dll
0x6a740000 - 0x6a7a9000 	C:\Program Files (x86)\Arduino\msvcp100.dll
0x6a680000 - 0x6a73e000 	C:\Program Files (x86)\Arduino\msvcr100.dll
0x28890000 - 0x288c2000 	C:\Program Files (x86)\Arduino\lib\AStylej.dll
0x6a650000 - 0x6a674000 	C:\Program Files (x86)\Arduino\java\bin\dcpr.dll
0x768e0000 - 0x7696d000 	C:\windows\SYSTEM32\clbcatq.dll
0x6ce20000 - 0x6cf8b000 	C:\windows\SYSTEM32\WindowsCodecs.dll
0x6b430000 - 0x6b450000 	C:\Program Files (x86)\Arduino\java\bin\sunec.dll
0x6cfa0000 - 0x6cfa9000 	C:\Program Files (x86)\Arduino\java\bin\sunmscapi.dll
0x64000000 - 0x6401b000 	C:\Program Files (x86)\Arduino\lib\jSSC-2.8_x86.dll
0x6b410000 - 0x6b430000 	C:\windows\SYSTEM32\atiglpxx.dll
0x68ba0000 - 0x6a648000 	C:\windows\SYSTEM32\atioglxx.dll
0x6b3f0000 - 0x6b40e000 	C:\windows\SYSTEM32\dxva2.dll
0x6b3c0000 - 0x6b3f0000 	C:\windows\SYSTEM32\atigktxx.dll
0x68a90000 - 0x68b96000 	C:\windows\SYSTEM32\atiadlxy.dll
0x6e730000 - 0x6e86a000 	C:\windows\SYSTEM32\PROPSYS.dll
0x72260000 - 0x7226f000 	C:\windows\SYSTEM32\WTSAPI32.dll
0x74960000 - 0x74aa1000 	C:\windows\SYSTEM32\dbghelp.dll

VM Arguments:
jvm_args: -Dsun.java2d.d3d=false -Djna.nosys=true -Djna.nounpack=true -Djna.boot.library.name=jnidispatch-4.2.2-win32-x86 -Djna.boot.library.path=C:\Program Files (x86)\Arduino/lib -Djssc.library.path=C:\Program Files (x86)\Arduino/lib -DAPP_DIR=C:\Program Files (x86)\Arduino -Xms128M -Xmx512M -Dfile.encoding=UTF8 -Djava.net.preferIPv4Stack=true 
java_command: processing.app.Base C:\Users\Сергей\Documents\Arduino\CruiseControl2.0\CruiseControl2.0.ino
java_class_path (initial): C:\Program Files (x86)\Arduino\lib\apple.jar;C:\Program Files (x86)\Arduino\lib\arduino-core.jar;C:\Program Files (x86)\Arduino\lib\batik-1.8.jar;C:\Program Files (x86)\Arduino\lib\batik-anim-1.8.jar;C:\Program Files (x86)\Arduino\lib\batik-awt-util-1.8.jar;C:\Program Files (x86)\Arduino\lib\batik-bridge-1.8.jar;C:\Program Files (x86)\Arduino\lib\batik-codec-1.8.jar;C:\Program Files (x86)\Arduino\lib\batik-css-1.8.jar;C:\Program Files (x86)\Arduino\lib\batik-dom-1.8.jar;C:\Program Files (x86)\Arduino\lib\batik-ext-1.8.jar;C:\Program Files (x86)\Arduino\lib\batik-gvt-1.8.jar;C:\Program Files (x86)\Arduino\lib\batik-parser-1.8.jar;C:\Program Files (x86)\Arduino\lib\batik-rasterizer-1.8.jar;C:\Program Files (x86)\Arduino\lib\batik-script-1.8.jar;C:\Program Files (x86)\Arduino\lib\batik-squiggle-1.8.jar;C:\Program Files (x86)\Arduino\lib\batik-svg-dom-1.8.jar;C:\Program Files (x86)\Arduino\lib\batik-svgpp-1.8.jar;C:\Program Files (x86)\Arduino\lib\batik-transcoder-1.8.jar;C:\Program Files (x86)\Arduino\lib\batik-util-1.8.jar;C:\Program Files (x86)\Arduino\lib\batik-xml-1.8.jar;C:\Program Files (x86)\Arduino\lib\bcpg-jdk15on-152.jar;C:\Program Files (x86)\Arduino\lib\bcprov-jdk15on-152.jar;C:\Program Files (x86)\Arduino\lib\commons-codec-1.7.jar;C:\Program Files (x86)\Arduino\lib\commons-compress-1.8.jar;C:\Program Files (x86)\Arduino\lib\commons-exec-1.1.jar;C:\Program Files (x86)\Arduino\lib\commons-httpclient-3.1.jar;C:\Program Files (x86)\Arduino\lib\commons-lang3-3.8.1.jar;C:\Program Files (x86)\Arduino\lib\commons-logging-1.0.4.jar;C:\Program Files (x86)\Arduino\lib\commons-net-3.3.jar;C:\Program Files (x86)\Arduino\lib\commons-io-2.6.jar;C:\Program Files (x86)\Arduino\lib\jackson-annotations-2.9.5.jar;C:\Program Files (x86)\Arduino\lib\jackson-core-2.9.5.jar;C:\Program Files (x86)\Arduino\lib\jackson-databind-2.9.5.jar;C:\Program Files (x86)\Arduino\lib\jackson-module-mrbean-2.9.5.jar;C:\Program Files (x86)\Arduino\lib\java-semver-0.8.
Launcher Type: SUN_STANDARD

Environment Variables:
PATH=С:\platform-tools;C:\Users\Сергей\AppData\Local\GitHubDesktop\bin;C:\Program Files (x86)\Common Files\Acronis\TibMounter64;C:\Program Files (x86)\Arduino\java\bin
USERNAME=Сергей
OS=Windows_NT
PROCESSOR_IDENTIFIER=Intel64 Family 6 Model 60 Stepping 3, GenuineIntel



---------------  S Y S T E M  ---------------

OS: Windows 8.1 , 64 bit Build 9600 (6.3.9600.17415)

CPU:total 4 (initial active 4) (4 cores per cpu, 1 threads per core) family 6 model 60 stepping 3, cmov, cx8, fxsr, mmx, sse, sse2, sse3, ssse3, sse4.1, sse4.2, popcnt, avx, avx2, aes, clmul, erms, lzcnt, tsc, tscinvbit, bmi1, bmi2

Memory: 4k page, physical 16671012k(10798188k free), swap 33448228k(24303844k free)

vm_info: Java HotSpot(TM) Client VM (25.191-b12) for windows-x86 JRE (1.8.0_191-b12), built on Oct  6 2018 08:34:23 by "java_re" with MS VC++ 10.0 (VS2010)

time: Fri Feb 07 10:48:51 2020
elapsed time: 2574 seconds (0d 0h 42m 54s)

